<?xml version="1.0" encoding="UTF-8"?>
<!-- Generated by org.testng.reporters.JUnitReportReporter -->
<testsuite hostname="LAPTOP-0FTMK2BJ" failures="0" tests="2" name="Academy.HomePage" time="23.972" errors="0" timestamp="2020-12-27T15:31:06 IST" skipped="0">
  <testcase classname="Academy.HomePage" name="basePageNavigation" time="15.228"/>
  <system-out/>
  <testcase classname="Academy.HomePage" name="basePageNavigation" time="8.744"/>
  <system-out/>
</testsuite> <!-- Academy.HomePage -->
