<?xml version="1.0" encoding="UTF-8"?>
<!-- Generated by org.testng.reporters.JUnitReportReporter -->
<testsuite hostname="LAPTOP-0FTMK2BJ" failures="0" tests="1" name="Academy.ValidateNavigationBar" time="13.700" errors="0" timestamp="2020-12-27T15:31:06 IST" skipped="0">
  <testcase classname="Academy.ValidateNavigationBar" name="validateNavigationBar" time="13.700"/>
  <system-out/>
</testsuite> <!-- Academy.ValidateNavigationBar -->
